# JRE version: OpenJDK Runtime Environment (25.0+36) (build 25+36-3489)
# Java VM: OpenJDK 64-Bit Server VM (25+36-3489, mixed mode, emulated-client, sharing, tiered, compressed oops, compressed class ptrs, g1 gc, windows-amd64)
GC Precious Log:
 CardTable entry size: 512
 Card Set container configuration: InlinePtr #cards 5 size 8 Array Of Cards #cards 10 size 36 Howl #buckets 4 coarsen threshold 1843 Howl Bitmap #cards 512 size 80 coarsen threshold 460 Card regions per heap region 1 cards per card region 2048
 CPUs: 8 total, 8 available
 Memory: 7859M
 Large Page Support: Disabled
 NUMA Support: Disabled
 Compressed Oops: Enabled (32-bit)
 Heap Region Size: 1M
 Heap Min Capacity: 8M
 Heap Initial Capacity: 124M
 Heap Max Capacity: 1966M
 Pre-touch: Disabled
 Parallel Workers: 8
 Concurrent Workers: 2
 Concurrent Refinement Workers: 8
 Periodic GC: Disabled
Heap:
 garbage-first heap   total reserved 2013184K, committed 113664K, used 105272K [0x0000000085200000, 0x0000000100000000)
  region size 1024K, 54 young (55296K), 3 survivors (3072K)
GC Heap Usage History (20 events):
Event: 12.288 {heap After GC invocations=25 (full 0):
 garbage-first heap   total reserved 2013184K, committed 77824K, used 47312K [0x0000000085200000, 0x0000000100000000)
  region size 1024K, 4 young (4096K), 4 survivors (4096K)
}
Event: 12.351 {heap Before GC invocations=26 (full 0):
 garbage-first heap   total reserved 2013184K, committed 80896K, used 70864K [0x0000000085200000, 0x0000000100000000)
  region size 1024K, 27 young (27648K), 4 survivors (4096K)
}
Event: 12.355 {heap After GC invocations=27 (full 0):
 garbage-first heap   total reserved 2013184K, committed 105472K, used 47988K [0x0000000085200000, 0x0000000100000000)
  region size 1024K, 3 young (3072K), 3 survivors (3072K)
}
Event: 12.744 {heap Before GC invocations=27 (full 0):
 garbage-first heap   total reserved 2013184K, committed 105472K, used 95092K [0x0000000085200000, 0x0000000100000000)
  region size 1024K, 49 young (50176K), 3 survivors (3072K)
}
Event: 12.747 {heap After GC invocations=28 (full 0):
 garbage-first heap   total reserved 2013184K, committed 105472K, used 48213K [0x0000000085200000, 0x0000000100000000)
  region size 1024K, 3 young (3072K), 3 survivors (3072K)
}
Event: 13.339 {heap Before GC invocations=28 (full 0):
 garbage-first heap   total reserved 2013184K, committed 105472K, used 95317K [0x0000000085200000, 0x0000000100000000)
  region size 1024K, 49 young (50176K), 3 survivors (3072K)
}
Event: 13.344 {heap After GC invocations=29 (full 0):
 garbage-first heap   total reserved 2013184K, committed 105472K, used 51038K [0x0000000085200000, 0x0000000100000000)
  region size 1024K, 7 young (7168K), 7 survivors (7168K)
}
Event: 13.751 {heap Before GC invocations=29 (full 0):
 garbage-first heap   total reserved 2013184K, committed 105472K, used 95070K [0x0000000085200000, 0x0000000100000000)
  region size 1024K, 50 young (51200K), 7 survivors (7168K)
}
Event: 13.757 {heap After GC invocations=30 (full 0):
 garbage-first heap   total reserved 2013184K, committed 105472K, used 53568K [0x0000000085200000, 0x0000000100000000)
  region size 1024K, 6 young (6144K), 6 survivors (6144K)
}
Event: 20.820 {heap Before GC invocations=31 (full 0):
 garbage-first heap   total reserved 2013184K, committed 105472K, used 95552K [0x0000000085200000, 0x0000000100000000)
  region size 1024K, 48 young (49152K), 6 survivors (6144K)
}
Event: 20.828 {heap After GC invocations=32 (full 0):
 garbage-first heap   total reserved 2013184K, committed 105472K, used 55241K [0x0000000085200000, 0x0000000100000000)
  region size 1024K, 5 young (5120K), 5 survivors (5120K)
}
Event: 82.201 {heap Before GC invocations=32 (full 0):
 garbage-first heap   total reserved 2013184K, committed 105472K, used 96201K [0x0000000085200000, 0x0000000100000000)
  region size 1024K, 46 young (47104K), 5 survivors (5120K)
}
Event: 82.241 {heap After GC invocations=33 (full 0):
 garbage-first heap   total reserved 2013184K, committed 107520K, used 57381K [0x0000000085200000, 0x0000000100000000)
  region size 1024K, 5 young (5120K), 5 survivors (5120K)
}
Event: 272.321 {heap Before GC invocations=33 (full 0):
 garbage-first heap   total reserved 2013184K, committed 107520K, used 98341K [0x0000000085200000, 0x0000000100000000)
  region size 1024K, 45 young (46080K), 5 survivors (5120K)
}
Event: 272.413 {heap After GC invocations=34 (full 0):
 garbage-first heap   total reserved 2013184K, committed 107520K, used 58261K [0x0000000085200000, 0x0000000100000000)
  region size 1024K, 4 young (4096K), 4 survivors (4096K)
}
Event: 514.609 {heap Before GC invocations=35 (full 0):
 garbage-first heap   total reserved 2013184K, committed 107520K, used 99221K [0x0000000085200000, 0x0000000100000000)
  region size 1024K, 44 young (45056K), 4 survivors (4096K)
}
Event: 514.672 {heap After GC invocations=36 (full 0):
 garbage-first heap   total reserved 2013184K, committed 107520K, used 58211K [0x0000000085200000, 0x0000000100000000)
  region size 1024K, 4 young (4096K), 4 survivors (4096K)
}
Event: 702.786 {heap Before GC invocations=36 (full 0):
 garbage-first heap   total reserved 2013184K, committed 107520K, used 100195K [0x0000000085200000, 0x0000000100000000)
  region size 1024K, 45 young (46080K), 4 survivors (4096K)
}
Event: 702.930 {heap After GC invocations=37 (full 0):
 garbage-first heap   total reserved 2013184K, committed 113664K, used 53048K [0x0000000085200000, 0x0000000100000000)
  region size 1024K, 4 young (4096K), 4 survivors (4096K)
}
Event: 938.933 {heap Before GC invocations=37 (full 0):
 garbage-first heap   total reserved 2013184K, committed 113664K, used 105272K [0x0000000085200000, 0x0000000100000000)
  region size 1024K, 55 young (56320K), 4 survivors (4096K)
}

